Wrote /Users/joaomloureiro/Desktop/economics_script/dashboard_data/latest.json
Updated /Users/joaomloureiro/Desktop/economics_script/dashboard_data/history.csv
Saved plot: /Users/joaomloureiro/Desktop/economics_script/dashboard_data/metrics_macro.png
Saved plot: /Users/joaomloureiro/Desktop/economics_script/dashboard_data/metrics_markets.png
Economic Metrics Snapshot (retrieved 2026-01-24 17:35:22Z)
==================================================
- US CPI YoY: 3.03% (as of 2025-12-01)
- Unemployment Rate: 4.40% (as of 2025-12-01)
- Effective Fed Funds Rate: 3.64% (as of 2026-01-22)
- 10Y Treasury Yield: 4.26% (as of 2026-01-22)
- S&P 500: 6,915.61 (as of 2026-01-23)
- Nasdaq 100: 25,605.47 (as of 2026-01-23)
- Dow Jones: 49,098.71 (as of 2026-01-23)
- VIX: 16.09 (as of 2026-01-23)
Wrote /Users/joaomloureiro/Desktop/economics_script/dashboard_data/latest.json
Updated /Users/joaomloureiro/Desktop/economics_script/dashboard_data/history.csv
Saved plot: /Users/joaomloureiro/Desktop/economics_script/dashboard_data/metrics_macro.png
Saved plot: /Users/joaomloureiro/Desktop/economics_script/dashboard_data/metrics_markets.png
Economic Metrics Snapshot (retrieved 2026-01-24 17:35:38Z)
==================================================
- US CPI YoY: 3.03% (as of 2025-12-01)
- Unemployment Rate: 4.40% (as of 2025-12-01)
- Effective Fed Funds Rate: 3.64% (as of 2026-01-22)
- 10Y Treasury Yield: 4.26% (as of 2026-01-22)
- S&P 500: 6,915.61 (as of 2026-01-23)
- Nasdaq 100: 25,605.47 (as of 2026-01-23)
- Dow Jones: 49,098.71 (as of 2026-01-23)
- VIX: 16.09 (as of 2026-01-23)
Wrote /Users/joaomloureiro/Desktop/economics_script/dashboard_data/latest.json
Updated /Users/joaomloureiro/Desktop/economics_script/dashboard_data/history.csv
Saved plot: /Users/joaomloureiro/Desktop/economics_script/dashboard_data/metrics_macro.png
Saved plot: /Users/joaomloureiro/Desktop/economics_script/dashboard_data/metrics_markets.png
Economic Metrics Snapshot (retrieved 2026-01-24 17:36:28Z)
==================================================
- US CPI YoY: 3.03% (as of 2025-12-01)
- Unemployment Rate: 4.40% (as of 2025-12-01)
- Effective Fed Funds Rate: 3.64% (as of 2026-01-22)
- 10Y Treasury Yield: 4.26% (as of 2026-01-22)
- S&P 500: 6,915.61 (as of 2026-01-23)
- Nasdaq 100: 25,605.47 (as of 2026-01-23)
- Dow Jones: 49,098.71 (as of 2026-01-23)
- VIX: 16.09 (as of 2026-01-23)
Wrote /Users/joaomloureiro/Desktop/economics_script/dashboard_data/latest.json
Updated /Users/joaomloureiro/Desktop/economics_script/dashboard_data/history.csv
Saved plot: /Users/joaomloureiro/Desktop/economics_script/dashboard_data/metrics_macro.png
Saved plot: /Users/joaomloureiro/Desktop/economics_script/dashboard_data/metrics_markets.png
Economic Metrics Snapshot (retrieved 2026-01-24 17:36:41Z)
==================================================
- US CPI YoY: 3.03% (as of 2025-12-01)
- Unemployment Rate: 4.40% (as of 2025-12-01)
- Effective Fed Funds Rate: 3.64% (as of 2026-01-22)
- 10Y Treasury Yield: 4.26% (as of 2026-01-22)
- S&P 500: 6,915.61 (as of 2026-01-23)
- Nasdaq 100: 25,605.47 (as of 2026-01-23)
- Dow Jones: 49,098.71 (as of 2026-01-23)
- VIX: 16.09 (as of 2026-01-23)
Saved plot: /Users/joaomloureiro/Desktop/economics_script/dashboard_data/metrics_macro.png
Saved plot: /Users/joaomloureiro/Desktop/economics_script/dashboard_data/metrics_markets.png
Economic Metrics Snapshot (retrieved 2026-01-24 17:44:40Z)
==================================================
- US CPI YoY: 3.03% (as of 2025-12-01)
- Unemployment Rate: 4.40% (as of 2025-12-01)
- Effective Fed Funds Rate: 3.64% (as of 2026-01-22)
- 10Y Treasury Yield: 4.26% (as of 2026-01-22)
- S&P 500: 6,915.61 (as of 2026-01-23)
- Nasdaq 100: 25,605.47 (as of 2026-01-23)
- Dow Jones: 49,098.71 (as of 2026-01-23)
- VIX: 16.09 (as of 2026-01-23)
Saved plot: /Users/joaomloureiro/Desktop/economics_script/dashboard_data/metrics_macro.png
Saved plot: /Users/joaomloureiro/Desktop/economics_script/dashboard_data/metrics_markets.png
Economic Metrics Snapshot (retrieved 2026-01-24 18:13:34Z)
==================================================
- US CPI YoY: 3.03% (as of 2025-12-01)
- Unemployment Rate: 4.40% (as of 2025-12-01)
- Effective Fed Funds Rate: 3.64% (as of 2026-01-22)
- 10Y Treasury Yield: 4.26% (as of 2026-01-22)
- S&P 500: 6,915.61 (as of 2026-01-23)
- Nasdaq 100: 25,605.47 (as of 2026-01-23)
- Dow Jones: 49,098.71 (as of 2026-01-23)
- VIX: 16.09 (as of 2026-01-23)
Saved plot: /Users/joaomloureiro/Desktop/economics_script/dashboard_data/metrics_macro.png
Saved plot: /Users/joaomloureiro/Desktop/economics_script/dashboard_data/metrics_markets.png
Economic Metrics Snapshot (retrieved 2026-01-24 18:14:05Z)
==================================================
- US CPI YoY: 3.03% (as of 2025-12-01)
- Unemployment Rate: 4.40% (as of 2025-12-01)
- Effective Fed Funds Rate: 3.64% (as of 2026-01-22)
- 10Y Treasury Yield: 4.26% (as of 2026-01-22)
- S&P 500: 6,915.61 (as of 2026-01-23)
- Nasdaq 100: 25,605.47 (as of 2026-01-23)
- Dow Jones: 49,098.71 (as of 2026-01-23)
- VIX: 16.09 (as of 2026-01-23)
Saved plot: /Users/joaomloureiro/Desktop/economics_script/dashboard_data/metrics_macro.png
Saved plot: /Users/joaomloureiro/Desktop/economics_script/dashboard_data/metrics_markets.png
Economic Metrics Snapshot (retrieved 2026-01-24 18:16:45Z)
==================================================
- US CPI YoY: 3.03% (as of 2025-12-01)
- Unemployment Rate: 4.40% (as of 2025-12-01)
- Effective Fed Funds Rate: 3.64% (as of 2026-01-22)
- 10Y Treasury Yield: 4.26% (as of 2026-01-22)
- S&P 500: 6,915.61 (as of 2026-01-23)
- Nasdaq 100: 25,605.47 (as of 2026-01-23)
- Dow Jones: 49,098.71 (as of 2026-01-23)
- VIX: 16.09 (as of 2026-01-23)
Saved plot: /Users/joaomloureiro/Desktop/economics_script/dashboard_data/metrics_macro.png
Saved plot: /Users/joaomloureiro/Desktop/economics_script/dashboard_data/metrics_markets.png
Economic Metrics Snapshot (retrieved 2026-01-24 18:17:12Z)
==================================================
- US CPI YoY: 3.03% (as of 2025-12-01)
- Unemployment Rate: 4.40% (as of 2025-12-01)
- Effective Fed Funds Rate: 3.64% (as of 2026-01-22)
- 10Y Treasury Yield: 4.26% (as of 2026-01-22)
- S&P 500: 6,915.61 (as of 2026-01-23)
- Nasdaq 100: 25,605.47 (as of 2026-01-23)
- Dow Jones: 49,098.71 (as of 2026-01-23)
- VIX: 16.09 (as of 2026-01-23)
Saved plot: /Users/joaomloureiro/Desktop/economics_script/dashboard_data/metrics_macro.png
Saved plot: /Users/joaomloureiro/Desktop/economics_script/dashboard_data/metrics_markets.png
Economic Metrics Snapshot (retrieved 2026-01-24 18:21:06Z)
==================================================
- US CPI YoY: 3.03% (as of 2025-12-01)
- Unemployment Rate: 4.40% (as of 2025-12-01)
- Effective Fed Funds Rate: 3.64% (as of 2026-01-22)
- 10Y Treasury Yield: 4.26% (as of 2026-01-22)
- S&P 500: 6,915.61 (as of 2026-01-23)
- Nasdaq 100: 25,605.47 (as of 2026-01-23)
- Dow Jones: 49,098.71 (as of 2026-01-23)
- VIX: 16.09 (as of 2026-01-23)
Saved plot: /Users/joaomloureiro/Desktop/economics_script/dashboard_data/metrics_macro.png
Saved plot: /Users/joaomloureiro/Desktop/economics_script/dashboard_data/metrics_markets.png
Economic Metrics Snapshot (retrieved 2026-01-24 18:21:20Z)
==================================================
- US CPI YoY: 3.03% (as of 2025-12-01)
- Unemployment Rate: 4.40% (as of 2025-12-01)
- Effective Fed Funds Rate: 3.64% (as of 2026-01-22)
- 10Y Treasury Yield: 4.26% (as of 2026-01-22)
- S&P 500: 6,915.61 (as of 2026-01-23)
- Nasdaq 100: 25,605.47 (as of 2026-01-23)
- Dow Jones: 49,098.71 (as of 2026-01-23)
- VIX: 16.09 (as of 2026-01-23)
Saved plot: /Users/joaomloureiro/Desktop/economics_script/dashboard_data/metrics_macro.png
Saved plot: /Users/joaomloureiro/Desktop/economics_script/dashboard_data/metrics_markets.png
Economic Metrics Snapshot (retrieved 2026-01-24 18:24:19Z)
==================================================
- US CPI YoY: 3.03% (as of 2025-12-01)
- Unemployment Rate: 4.40% (as of 2025-12-01)
- Effective Fed Funds Rate: 3.64% (as of 2026-01-22)
- 10Y Treasury Yield: 4.26% (as of 2026-01-22)
- S&P 500: 6,915.61 (as of 2026-01-23)
- Nasdaq 100: 25,605.47 (as of 2026-01-23)
- Dow Jones: 49,098.71 (as of 2026-01-23)
- VIX: 16.09 (as of 2026-01-23)
Saved plot: /Users/joaomloureiro/Desktop/economics_script/dashboard_data/metrics_macro.png
Saved plot: /Users/joaomloureiro/Desktop/economics_script/dashboard_data/metrics_markets.png
Economic Metrics Snapshot (retrieved 2026-01-24 18:29:10Z)
==================================================
- US CPI YoY: 3.03% (as of 2025-12-01)
- Unemployment Rate: 4.40% (as of 2025-12-01)
- Effective Fed Funds Rate: 3.64% (as of 2026-01-22)
- 10Y Treasury Yield: 4.26% (as of 2026-01-22)
- S&P 500: 6,915.61 (as of 2026-01-23)
- Nasdaq 100: 25,605.47 (as of 2026-01-23)
- Dow Jones: 49,098.71 (as of 2026-01-23)
- VIX: 16.09 (as of 2026-01-23)
Saved plot: /Users/joaomloureiro/Desktop/economics_script/dashboard_data/metrics_macro.png
Saved plot: /Users/joaomloureiro/Desktop/economics_script/dashboard_data/metrics_markets.png
Economic Metrics Snapshot (retrieved 2026-01-24 18:30:42Z)
==================================================
- US CPI YoY: 3.03% (as of 2025-12-01)
- Unemployment Rate: 4.40% (as of 2025-12-01)
- Effective Fed Funds Rate: 3.64% (as of 2026-01-22)
- 10Y Treasury Yield: 4.26% (as of 2026-01-22)
- S&P 500: 6,915.61 (as of 2026-01-23)
- Nasdaq 100: 25,605.47 (as of 2026-01-23)
- Dow Jones: 49,098.71 (as of 2026-01-23)
- VIX: 16.09 (as of 2026-01-23)
Saved plot: /Users/joaomloureiro/Desktop/economics_script/dashboard_data/metrics_macro.png
Saved plot: /Users/joaomloureiro/Desktop/economics_script/dashboard_data/metrics_markets.png
Economic Metrics Snapshot (retrieved 2026-01-24 18:33:10Z)
==================================================
- US CPI YoY: 3.03% (as of 2025-12-01)
- Unemployment Rate: 4.40% (as of 2025-12-01)
- Effective Fed Funds Rate: 3.64% (as of 2026-01-22)
- 10Y Treasury Yield: 4.26% (as of 2026-01-22)
- S&P 500: 6,915.61 (as of 2026-01-23)
- Nasdaq 100: 25,605.47 (as of 2026-01-23)
- Dow Jones: 49,098.71 (as of 2026-01-23)
- VIX: 16.09 (as of 2026-01-23)
Saved plot: /Users/joaomloureiro/Desktop/economics_script/dashboard_data/metrics_macro.png
Saved plot: /Users/joaomloureiro/Desktop/economics_script/dashboard_data/metrics_markets.png
Economic Metrics Snapshot (retrieved 2026-01-24 19:21:34Z)
==================================================
- US CPI YoY: 3.03% (as of 2025-12-01)
- Unemployment Rate: 4.40% (as of 2025-12-01)
- Effective Fed Funds Rate: 3.64% (as of 2026-01-22)
- 10Y Treasury Yield: 4.26% (as of 2026-01-22)
- S&P 500: 6,915.61 (as of 2026-01-23)
- Nasdaq 100: 25,605.47 (as of 2026-01-23)
- Dow Jones: 49,098.71 (as of 2026-01-23)
- VIX: 16.09 (as of 2026-01-23)
Saved plot: /Users/joaomloureiro/Desktop/economics_script/dashboard_data/metrics_macro.png
Saved plot: /Users/joaomloureiro/Desktop/economics_script/dashboard_data/metrics_markets.png
Economic Metrics Snapshot (retrieved 2026-01-24 19:23:20Z)
==================================================
- US CPI YoY: 3.03% (as of 2025-12-01)
- Unemployment Rate: 4.40% (as of 2025-12-01)
- Effective Fed Funds Rate: 3.64% (as of 2026-01-22)
- 10Y Treasury Yield: 4.26% (as of 2026-01-22)
- S&P 500: 6,915.61 (as of 2026-01-23)
- Nasdaq 100: 25,605.47 (as of 2026-01-23)
- Dow Jones: 49,098.71 (as of 2026-01-23)
- VIX: 16.09 (as of 2026-01-23)
Saved plot: /Users/joaomloureiro/Desktop/economics_script/dashboard_data/metrics_macro.png
Saved plot: /Users/joaomloureiro/Desktop/economics_script/dashboard_data/metrics_markets.png
Economic Metrics Snapshot (retrieved 2026-01-24 19:24:13Z)
==================================================
- US CPI YoY: 3.03% (as of 2025-12-01)
- Unemployment Rate: 4.40% (as of 2025-12-01)
- Effective Fed Funds Rate: 3.64% (as of 2026-01-22)
- 10Y Treasury Yield: 4.26% (as of 2026-01-22)
- S&P 500: 6,915.61 (as of 2026-01-23)
- Nasdaq 100: 25,605.47 (as of 2026-01-23)
- Dow Jones: 49,098.71 (as of 2026-01-23)
- VIX: 16.09 (as of 2026-01-23)
Saved plot: /Users/joaomloureiro/Desktop/economics_script/dashboard_data/metrics_macro.png
Saved plot: /Users/joaomloureiro/Desktop/economics_script/dashboard_data/metrics_markets.png
Economic Metrics Snapshot (retrieved 2026-01-24 19:28:17Z)
==================================================
- US CPI YoY: 3.03% (as of 2025-12-01)
- Unemployment Rate: 4.40% (as of 2025-12-01)
- Effective Fed Funds Rate: 3.64% (as of 2026-01-22)
- 10Y Treasury Yield: 4.26% (as of 2026-01-22)
- S&P 500: 6,915.61 (as of 2026-01-23)
- Nasdaq 100: 25,605.47 (as of 2026-01-23)
- Dow Jones: 49,098.71 (as of 2026-01-23)
- VIX: 16.09 (as of 2026-01-23)
Saved plot: /Users/joaomloureiro/Desktop/economics_script/dashboard_data/metrics_macro.png
Saved plot: /Users/joaomloureiro/Desktop/economics_script/dashboard_data/metrics_markets.png
Economic Metrics Snapshot (retrieved 2026-01-24 19:29:19Z)
==================================================
- US CPI YoY: 3.03% (as of 2025-12-01)
- Unemployment Rate: 4.40% (as of 2025-12-01)
- Effective Fed Funds Rate: 3.64% (as of 2026-01-22)
- 10Y Treasury Yield: 4.26% (as of 2026-01-22)
- S&P 500: 6,915.61 (as of 2026-01-23)
- Nasdaq 100: 25,605.47 (as of 2026-01-23)
- Dow Jones: 49,098.71 (as of 2026-01-23)
- VIX: 16.09 (as of 2026-01-23)
Saved plot: /Users/joaomloureiro/Desktop/economics_script/dashboard_data/metrics_macro.png
Saved plot: /Users/joaomloureiro/Desktop/economics_script/dashboard_data/metrics_markets.png
Economic Metrics Snapshot (retrieved 2026-01-24 19:30:05Z)
==================================================
- US CPI YoY: 3.03% (as of 2025-12-01)
- Unemployment Rate: 4.40% (as of 2025-12-01)
- Effective Fed Funds Rate: 3.64% (as of 2026-01-22)
- 10Y Treasury Yield: 4.26% (as of 2026-01-22)
- S&P 500: 6,915.61 (as of 2026-01-23)
- Nasdaq 100: 25,605.47 (as of 2026-01-23)
- Dow Jones: 49,098.71 (as of 2026-01-23)
- VIX: 16.09 (as of 2026-01-23)
Saved plot: /Users/joaomloureiro/Desktop/economics_script/dashboard_data/metrics_macro.png
Saved plot: /Users/joaomloureiro/Desktop/economics_script/dashboard_data/metrics_markets.png
Economic Metrics Snapshot (retrieved 2026-01-24 19:30:25Z)
==================================================
- US CPI YoY: 3.03% (as of 2025-12-01)
- Unemployment Rate: 4.40% (as of 2025-12-01)
- Effective Fed Funds Rate: 3.64% (as of 2026-01-22)
- 10Y Treasury Yield: 4.26% (as of 2026-01-22)
- S&P 500: 6,915.61 (as of 2026-01-23)
- Nasdaq 100: 25,605.47 (as of 2026-01-23)
- Dow Jones: 49,098.71 (as of 2026-01-23)
- VIX: 16.09 (as of 2026-01-23)
Saved plot: /Users/joaomloureiro/Desktop/economics_script/dashboard_data/metrics_macro.png
Saved plot: /Users/joaomloureiro/Desktop/economics_script/dashboard_data/metrics_markets.png
Economic Metrics Snapshot (retrieved 2026-01-24 19:36:19Z)
==================================================
- US CPI YoY: 3.03% (as of 2025-12-01)
- Unemployment Rate: 4.40% (as of 2025-12-01)
- Effective Fed Funds Rate: 3.64% (as of 2026-01-22)
- 10Y Treasury Yield: 4.26% (as of 2026-01-22)
- S&P 500: 6,915.61 (as of 2026-01-23)
- Nasdaq 100: 25,605.47 (as of 2026-01-23)
- Dow Jones: 49,098.71 (as of 2026-01-23)
- VIX: 16.09 (as of 2026-01-23)
Saved plot: /Users/joaomloureiro/Desktop/economics_script/dashboard_data/metrics_macro.png
Saved plot: /Users/joaomloureiro/Desktop/economics_script/dashboard_data/metrics_markets.png
Economic Metrics Snapshot (retrieved 2026-01-24 19:42:59Z)
==================================================
- US CPI YoY: 3.03% (as of 2025-12-01)
- Unemployment Rate: 4.40% (as of 2025-12-01)
- Effective Fed Funds Rate: 3.64% (as of 2026-01-22)
- 10Y Treasury Yield: 4.26% (as of 2026-01-22)
- S&P 500: 6,915.61 (as of 2026-01-23)
- Nasdaq 100: 25,605.47 (as of 2026-01-23)
- Dow Jones: 49,098.71 (as of 2026-01-23)
- VIX: 16.09 (as of 2026-01-23)
Saved plot: /Users/joaomloureiro/Desktop/economics_script/dashboard_data/metrics_macro.png
Saved plot: /Users/joaomloureiro/Desktop/economics_script/dashboard_data/metrics_markets.png
Economic Metrics Snapshot (retrieved 2026-01-24 19:43:25Z)
==================================================
- US CPI YoY: 3.03% (as of 2025-12-01)
- Unemployment Rate: 4.40% (as of 2025-12-01)
- Effective Fed Funds Rate: 3.64% (as of 2026-01-22)
- 10Y Treasury Yield: 4.26% (as of 2026-01-22)
- S&P 500: 6,915.61 (as of 2026-01-23)
- Nasdaq 100: 25,605.47 (as of 2026-01-23)
- Dow Jones: 49,098.71 (as of 2026-01-23)
- VIX: 16.09 (as of 2026-01-23)
Saved plot: /Users/joaomloureiro/Desktop/economics_script/dashboard_data/metrics_macro.png
Saved plot: /Users/joaomloureiro/Desktop/economics_script/dashboard_data/metrics_markets.png
Economic Metrics Snapshot (retrieved 2026-01-24 19:43:53Z)
==================================================
- US CPI YoY: 3.03% (as of 2025-12-01)
- Unemployment Rate: 4.40% (as of 2025-12-01)
- Effective Fed Funds Rate: 3.64% (as of 2026-01-22)
- 10Y Treasury Yield: 4.26% (as of 2026-01-22)
- S&P 500: 6,915.61 (as of 2026-01-23)
- Nasdaq 100: 25,605.47 (as of 2026-01-23)
- Dow Jones: 49,098.71 (as of 2026-01-23)
- VIX: 16.09 (as of 2026-01-23)
Saved plot: /Users/joaomloureiro/Desktop/economics_script/dashboard_data/metrics_macro.png
Saved plot: /Users/joaomloureiro/Desktop/economics_script/dashboard_data/metrics_markets.png
Economic Metrics Snapshot (retrieved 2026-01-24 19:44:13Z)
==================================================
- US CPI YoY: 3.03% (as of 2025-12-01)
- Unemployment Rate: 4.40% (as of 2025-12-01)
- Effective Fed Funds Rate: 3.64% (as of 2026-01-22)
- 10Y Treasury Yield: 4.26% (as of 2026-01-22)
- S&P 500: 6,915.61 (as of 2026-01-23)
- Nasdaq 100: 25,605.47 (as of 2026-01-23)
- Dow Jones: 49,098.71 (as of 2026-01-23)
- VIX: 16.09 (as of 2026-01-23)
Saved plot: /Users/joaomloureiro/Desktop/economics_script/dashboard_data/metrics_macro.png
Saved plot: /Users/joaomloureiro/Desktop/economics_script/dashboard_data/metrics_markets.png
Economic Metrics Snapshot (retrieved 2026-01-24 19:45:24Z)
==================================================
- US CPI YoY: 3.03% (as of 2025-12-01)
- Unemployment Rate: 4.40% (as of 2025-12-01)
- Effective Fed Funds Rate: 3.64% (as of 2026-01-22)
- 10Y Treasury Yield: 4.26% (as of 2026-01-22)
- S&P 500: 6,915.61 (as of 2026-01-23)
- Nasdaq 100: 25,605.47 (as of 2026-01-23)
- Dow Jones: 49,098.71 (as of 2026-01-23)
- VIX: 16.09 (as of 2026-01-23)
Saved plot: /Users/joaomloureiro/Desktop/economics_script/dashboard_data/metrics_macro.png
Saved plot: /Users/joaomloureiro/Desktop/economics_script/dashboard_data/metrics_markets.png
Economic Metrics Snapshot (retrieved 2026-01-24 19:47:24Z)
==================================================
- US CPI YoY: 3.03% (as of 2025-12-01)
- Unemployment Rate: 4.40% (as of 2025-12-01)
- Effective Fed Funds Rate: 3.64% (as of 2026-01-22)
- 10Y Treasury Yield: 4.26% (as of 2026-01-22)
- S&P 500: 6,915.61 (as of 2026-01-23)
- Nasdaq 100: 25,605.47 (as of 2026-01-23)
- Dow Jones: 49,098.71 (as of 2026-01-23)
- VIX: 16.09 (as of 2026-01-23)
Saved plot: /Users/joaomloureiro/Desktop/economics_script/dashboard_data/metrics_macro.png
Saved plot: /Users/joaomloureiro/Desktop/economics_script/dashboard_data/metrics_markets.png
Economic Metrics Snapshot (retrieved 2026-01-25 09:06:16Z)
==================================================
- US CPI YoY: 3.03% (as of 2025-12-01)
- Unemployment Rate: 4.40% (as of 2025-12-01)
- Effective Fed Funds Rate: 3.64% (as of 2026-01-22)
- 10Y Treasury Yield: 4.26% (as of 2026-01-22)
- S&P 500: 6,915.61 (as of 2026-01-23)
- Nasdaq 100: 25,605.47 (as of 2026-01-23)
- Dow Jones: 49,098.71 (as of 2026-01-23)
- VIX: 16.09 (as of 2026-01-23)
